<html>
                        <head>
                            <link rel="stylesheet" href="..\assets\css\template.css">
                            <title>Maghil report</title>
                        </head>
                        <body>
                            <table>
                            <tr>
                                <th>Branch</th>
                                <td>master</td> 
                                <th>RESULT</th>
                                <th class='fail'>FAIL</th>
                            </tr>
                            <tr>
                                <th>Suite Name</th>
                                <td>Search</td>
                                <th>Tester</th>
                                <td>Maghil</td>                
                            </tr>
                            <tr>
                                <th>Device Model</th>
                                <td>Galaxy_Nexus_API_30</td>
                                <th>Device Version</th>
                                <td>11</td>
                            </tr>
                            <tr>
                                <th>Platform</th>
                                <td>Android</td>
                                <th>Date of creation</th>
                                <td>18-06-2021</td>
                            </tr>                            
                            </table>

                            <br><br>

                            <table>
                            <tr>
                                <th>Total test cases</th>
                                <th class="pass">Passed cases</th> 
                                <th class="fail">Failed Cases</th>
                            </tr>
                            <tr>
                                <td>3</td>
                                <td>2</td>
                                <td>1</td>
                            </tr>
                            </table>

                            <br>

                            <table>
                            <tr>
                                <th>TEST CASES</th>
                                <th>DESCRIPTION</th>
                                <th class='fail'>FAIL</th>
                            </tr>
                            <br>Netspeed Selected: gsm
<tr><td class='left'>test_cancelButton</td><td><br>to test the cancel button ... 
<br>
<br>Time taken : 19.246444940567017 
ok
</td><th class='clear' >PASS</th></tr><tr><td class='left'>test_deselectButton</td><td><br>to test whether the deselect button is working as expected ... 
<br>Time taken : 52.51378846168518 
ok
</td><th class='clear' >PASS</th></tr><tr><td class='left'>test_userLoading</td><td>to test searched users are loading ... ERROR
</td><th class='fail' >FAIL</th></tr><br>
<tr><td colspan='3'><br><br>======================================================================
<br>ERROR: test_userLoading (__main__.Search)
<br>to test searched users are loading
<br>----------------------------------------------------------------------
<br>Traceback (most recent call last):
<br>  File "e:\appium_automation\Common\atg_common.py", line 282, in wrapper
<br>    orig_func(self, *args, **kwargs)
<br>  File "e:\appium_automation\TestSuite\Search.py", line 124, in test_userLoading
<br>    searchSpecific(self.driver,"People",data_feeder.appium_username,True)
<br>  File "e:\appium_automation\Common\atg_common.py", line 607, in searchSpecific
<br>    WebDriverWait(driver, timer).until(expected_conditions.visibility_of_element_located((By.XPATH, xpath)))
<br>  File "C:\Users\mmagh\AppData\Local\Programs\Python\Python39\lib\site-packages\selenium\webdriver\support\wait.py", line 80, in until
<br>    raise TimeoutException(message, screen, stacktrace)
<br>selenium.common.exceptions.TimeoutException: Message: 
<br>
<br>
<br>During handling of the above exception, another exception occurred:
<br>
<br>Traceback (most recent call last):
<br>  File "e:\appium_automation\Common\atg_common.py", line 285, in wrapper
<br>    get_logs(driver, "Test Case")
<br>  File "e:\appium_automation\Common\atg_common.py", line 248, in get_logs
<br>    take_logcat(driver.get_log('logcat'), lgr)
<br>  File "e:\appium_automation\Common\Logging.py", line 94, in take_logcat
<br>    log_lines = crash_detect(logs)
<br>  File "e:\appium_automation\Common\Logging.py", line 115, in crash_detect
<br>    hh, mm, _ = [int(x) for x in log_time.split(":")]
<br>  File "e:\appium_automation\Common\Logging.py", line 115, in <listcomp>
<br>    hh, mm, _ = [int(x) for x in log_time.split(":")]
<br>ValueError: invalid literal for int() with base 10: 'beginning'
<br>
<br>----------------------------------------------------------------------
<br>Ran 3 tests in 151.779s
<br>
<br>FAILED (errors=1)

                            </table>
                        </body>
                    </html>